<?xml version="1.0" encoding="UTF-8"?>
<testng-results ignored="0" total="2" passed="2" failed="0" skipped="0">
  <reporter-output>
  </reporter-output>
  <suite started-at="2024-12-31T16:33:06 IST" name="Suite " finished-at="2024-12-31T16:34:20 IST" duration-ms="73797">
    <groups>
      <group name="sanity">
        <method signature="TC_OpenCart_001.verifyRegistration()[pri:0, instance:testCases.TC_OpenCart_001@6b7906b3]" name="verifyRegistration" class="testCases.TC_OpenCart_001"/>
        <method signature="TC_OpenCart_002.verifylogin()[pri:0, instance:testCases.TC_OpenCart_002@256f8274]" name="verifylogin" class="testCases.TC_OpenCart_002"/>
      </group> <!-- sanity -->
    </groups>
    <test started-at="2024-12-31T16:33:06 IST" name="Test" finished-at="2024-12-31T16:34:20 IST" duration-ms="73797">
      <class name="testCases.TC_OpenCart_002">
        <test-method is-config="true" signature="setup(java.lang.String)[pri:0, instance:testCases.TC_OpenCart_002@256f8274]" started-at="2024-12-31T16:34:02 IST" name="setup" finished-at="2024-12-31T16:34:18 IST" duration-ms="15956" status="PASS">
          <params>
            <param index="0">
              <value>
                <![CDATA[edge]]>
              </value>
            </param>
          </params>
          <reporter-output>
          </reporter-output>
        </test-method> <!-- setup -->
        <test-method signature="verifylogin()[pri:0, instance:testCases.TC_OpenCart_002@256f8274]" started-at="2024-12-31T16:34:18 IST" name="verifylogin" finished-at="2024-12-31T16:34:20 IST" duration-ms="2026" status="PASS">
          <reporter-output>
          </reporter-output>
        </test-method> <!-- verifylogin -->
        <test-method is-config="true" signature="tearDown()[pri:0, instance:testCases.TC_OpenCart_002@256f8274]" started-at="2024-12-31T16:34:20 IST" name="tearDown" finished-at="2024-12-31T16:34:20 IST" duration-ms="220" status="PASS">
          <reporter-output>
          </reporter-output>
        </test-method> <!-- tearDown -->
      </class> <!-- testCases.TC_OpenCart_002 -->
      <class name="testCases.TC_OpenCart_001">
        <test-method is-config="true" signature="setup(java.lang.String)[pri:0, instance:testCases.TC_OpenCart_001@6b7906b3]" started-at="2024-12-31T16:33:06 IST" name="setup" finished-at="2024-12-31T16:33:18 IST" duration-ms="11231" status="PASS">
          <params>
            <param index="0">
              <value>
                <![CDATA[edge]]>
              </value>
            </param>
          </params>
          <reporter-output>
          </reporter-output>
        </test-method> <!-- setup -->
        <test-method signature="verifyRegistration()[pri:0, instance:testCases.TC_OpenCart_001@6b7906b3]" started-at="2024-12-31T16:33:18 IST" name="verifyRegistration" finished-at="2024-12-31T16:34:01 IST" duration-ms="43205" status="PASS">
          <reporter-output>
          </reporter-output>
        </test-method> <!-- verifyRegistration -->
        <test-method is-config="true" signature="tearDown()[pri:0, instance:testCases.TC_OpenCart_001@6b7906b3]" started-at="2024-12-31T16:34:01 IST" name="tearDown" finished-at="2024-12-31T16:34:02 IST" duration-ms="803" status="PASS">
          <reporter-output>
          </reporter-output>
        </test-method> <!-- tearDown -->
      </class> <!-- testCases.TC_OpenCart_001 -->
    </test> <!-- Test -->
  </suite> <!-- Suite  -->
</testng-results>
