<?xml version="1.0" encoding="UTF-8"?>
<testsuite xmlns:xsi="http://www.w3.org/2001/XMLSchema-instance" xsi:noNamespaceSchemaLocation="https://maven.apache.org/surefire/maven-surefire-plugin/xsd/surefire-test-report-3.0.xsd" version="3.0" name="TestSuite" time="76.689" tests="2" errors="0" skipped="0" failures="0">
  <properties>
[...]
</properties>
  <testcase name="verifyRegistration" classname="testCases.TC_OpenCart_001" time="43.308">
    <system-out><![CDATA[DEBUG - suiteXmlPath: "C:\Users\gopik\eclipse-workspace\FrameWorkDemo\testng.xml"
TRACE - [Graph] ADDING NODE BaseClass.setup(java.lang.String)[pri:0, instance:null] -268687008
TRACE - [Graph] ================ SORTING
TRACE - [Graph] =============== DONE SORTING
TRACE - [Graph] ====== SORTED NODES
TRACE - [Graph] ====== END SORTED NODES
TRACE - [Graph] ADDING NODE BaseClass.tearDown()[pri:0, instance:null] 1974651191
TRACE - [Graph] ================ SORTING
TRACE - [Graph] =============== DONE SORTING
TRACE - [Graph] ====== SORTED NODES
TRACE - [Graph] ====== END SORTED NODES
TRACE - [Graph] ADDING NODE BaseClass.setup(java.lang.String)[pri:0, instance:null] -268687008
TRACE - [Graph] ================ SORTING
TRACE - [Graph] =============== DONE SORTING
TRACE - [Graph] ====== SORTED NODES
TRACE - [Graph] ====== END SORTED NODES
TRACE - [Graph] ADDING NODE BaseClass.tearDown()[pri:0, instance:null] 1974651191
TRACE - [Graph] ================ SORTING
TRACE - [Graph] =============== DONE SORTING
TRACE - [Graph] ====== SORTED NODES
TRACE - [Graph] ====== END SORTED NODES
TRACE - [Graph] ADDING NODE TC_OpenCart_001.verifyRegistration()[pri:0, instance:testCases.TC_OpenCart_001@6b7906b3] -1045346057
TRACE - [Graph] ADDING NODE TC_OpenCart_002.verifylogin()[pri:0, instance:testCases.TC_OpenCart_002@256f8274] 1888294389
TRACE - [Graph] ================ SORTING
TRACE - [Graph] =============== DONE SORTING
TRACE - [Graph] ====== SORTED NODES
TRACE - [Graph] ====== END SORTED NODES
INFO - **************Started verifyRegistration*************************
INFO - **************Clicked register *************************
]]></system-out>
  </testcase>
  <testcase name="verifylogin" classname="testCases.TC_OpenCart_002" time="2.027">
    <system-out><![CDATA[INFO - ****************Execution started*************************************
]]></system-out>
    <system-err><![CDATA[Dec 31, 2024 4:34:02 PM org.openqa.selenium.remote.http.WebSocket$Listener onError
WARNING: Connection reset
java.net.SocketException: Connection reset
	at java.base/sun.nio.ch.SocketChannelImpl.throwConnectionReset(SocketChannelImpl.java:403)
	at java.base/sun.nio.ch.SocketChannelImpl.implRead(SocketChannelImpl.java:435)
	at java.base/sun.nio.ch.SocketChannelImpl.read(SocketChannelImpl.java:493)
	at java.net.http/jdk.internal.net.http.SocketTube.readAvailable(SocketTube.java:1178)
	at java.net.http/jdk.internal.net.http.SocketTube$InternalReadPublisher$InternalReadSubscription.read(SocketTube.java:841)
	at java.net.http/jdk.internal.net.http.SocketTube$SocketFlowTask.run(SocketTube.java:181)
	at java.net.http/jdk.internal.net.http.common.SequentialScheduler$SchedulableTask.run(SequentialScheduler.java:207)
	at java.net.http/jdk.internal.net.http.common.SequentialScheduler.runOrSchedule(SequentialScheduler.java:280)
	at java.net.http/jdk.internal.net.http.common.SequentialScheduler.runOrSchedule(SequentialScheduler.java:233)
	at java.net.http/jdk.internal.net.http.SocketTube$InternalReadPublisher$InternalReadSubscription.signalReadable(SocketTube.java:782)
	at java.net.http/jdk.internal.net.http.SocketTube$InternalReadPublisher$ReadEvent.signalEvent(SocketTube.java:965)
	at java.net.http/jdk.internal.net.http.SocketTube$SocketFlowEvent.handle(SocketTube.java:253)
	at java.net.http/jdk.internal.net.http.HttpClientImpl$SelectorManager.handleEvent(HttpClientImpl.java:1478)
	at java.net.http/jdk.internal.net.http.HttpClientImpl$SelectorManager.lambda$run$3(HttpClientImpl.java:1423)
	at java.base/java.util.ArrayList.forEach(ArrayList.java:1597)
	at java.net.http/jdk.internal.net.http.HttpClientImpl$SelectorManager.run(HttpClientImpl.java:1423)

]]></system-err>
  </testcase>
</testsuite>